<?xml version="1.0" encoding="UTF-8"?>
<testsuite xmlns:xsi="http://www.w3.org/2001/XMLSchema-instance" xsi:noNamespaceSchemaLocation="https://maven.apache.org/surefire/maven-surefire-plugin/xsd/surefire-test-report.xsd" name="Transport4Future.TokenManagement.TokenRequestGenerationTest" time="0.346" tests="30" errors="0" skipped="0" failures="0">
  <properties>
    <property name="sun.desktop" value="windows"/>
    <property name="awt.toolkit" value="sun.awt.windows.WToolkit"/>
    <property name="file.encoding.pkg" value="sun.io"/>
    <property name="java.specification.version" value="1.8"/>
    <property name="sun.cpu.isalist" value="amd64"/>
    <property name="sun.jnu.encoding" value="Cp1252"/>
    <property name="java.class.path" value="C:\Users\Carmen\Documents\00 Universidad\02 PDS\1920 PDS\EG4\TokenManagement-GE04-Statement of the Work\target\test-classes;C:\Users\Carmen\Documents\00 Universidad\02 PDS\1920 PDS\EG4\TokenManagement-GE04-Statement of the Work\target\classes;C:\Users\Carmen\.m2\repository\javax\json\javax.json-api\1.1.4\javax.json-api-1.1.4.jar;C:\Users\Carmen\.m2\repository\org\glassfish\javax.json\1.1\javax.json-1.1.jar;C:\Users\Carmen\.m2\repository\org\json\json\20180813\json-20180813.jar;C:\Users\Carmen\.m2\repository\org\junit\jupiter\junit-jupiter-api\5.6.0\junit-jupiter-api-5.6.0.jar;C:\Users\Carmen\.m2\repository\org\apiguardian\apiguardian-api\1.1.0\apiguardian-api-1.1.0.jar;C:\Users\Carmen\.m2\repository\org\opentest4j\opentest4j\1.2.0\opentest4j-1.2.0.jar;C:\Users\Carmen\.m2\repository\org\junit\platform\junit-platform-commons\1.6.0\junit-platform-commons-1.6.0.jar;C:\Users\Carmen\.m2\repository\org\junit\jupiter\junit-jupiter-engine\5.6.0\junit-jupiter-engine-5.6.0.jar;C:\Users\Carmen\.m2\repository\org\junit\platform\junit-platform-engine\1.6.0\junit-platform-engine-1.6.0.jar;C:\Users\Carmen\.m2\repository\com\google\code\gson\gson\2.8.5\gson-2.8.5.jar;C:\Users\Carmen\.m2\repository\org\junit\jupiter\junit-jupiter-params\5.6.0\junit-jupiter-params-5.6.0.jar;"/>
    <property name="java.vm.vendor" value="Oracle Corporation"/>
    <property name="sun.arch.data.model" value="64"/>
    <property name="user.variant" value=""/>
    <property name="java.vendor.url" value="http://java.oracle.com/"/>
    <property name="user.timezone" value="Europe/Paris"/>
    <property name="java.vm.specification.version" value="1.8"/>
    <property name="os.name" value="Windows 10"/>
    <property name="user.country" value="ES"/>
    <property name="sun.java.launcher" value="SUN_STANDARD"/>
    <property name="sun.boot.library.path" value="C:\Program Files\Java\jdk1.8.0_181\jre\bin"/>
    <property name="sun.java.command" value="C:\Users\Carmen\AppData\Local\Temp\surefire1187370959541908091\surefirebooter6865470312880236998.jar C:\Users\Carmen\AppData\Local\Temp\surefire1187370959541908091 2020-04-14T10-48-05_544-jvmRun1 surefire6569060293692768884tmp surefire_02628339547648368233tmp"/>
    <property name="surefire.test.class.path" value="C:\Users\Carmen\Documents\00 Universidad\02 PDS\1920 PDS\EG4\TokenManagement-GE04-Statement of the Work\target\test-classes;C:\Users\Carmen\Documents\00 Universidad\02 PDS\1920 PDS\EG4\TokenManagement-GE04-Statement of the Work\target\classes;C:\Users\Carmen\.m2\repository\javax\json\javax.json-api\1.1.4\javax.json-api-1.1.4.jar;C:\Users\Carmen\.m2\repository\org\glassfish\javax.json\1.1\javax.json-1.1.jar;C:\Users\Carmen\.m2\repository\org\json\json\20180813\json-20180813.jar;C:\Users\Carmen\.m2\repository\org\junit\jupiter\junit-jupiter-api\5.6.0\junit-jupiter-api-5.6.0.jar;C:\Users\Carmen\.m2\repository\org\apiguardian\apiguardian-api\1.1.0\apiguardian-api-1.1.0.jar;C:\Users\Carmen\.m2\repository\org\opentest4j\opentest4j\1.2.0\opentest4j-1.2.0.jar;C:\Users\Carmen\.m2\repository\org\junit\platform\junit-platform-commons\1.6.0\junit-platform-commons-1.6.0.jar;C:\Users\Carmen\.m2\repository\org\junit\jupiter\junit-jupiter-engine\5.6.0\junit-jupiter-engine-5.6.0.jar;C:\Users\Carmen\.m2\repository\org\junit\platform\junit-platform-engine\1.6.0\junit-platform-engine-1.6.0.jar;C:\Users\Carmen\.m2\repository\com\google\code\gson\gson\2.8.5\gson-2.8.5.jar;C:\Users\Carmen\.m2\repository\org\junit\jupiter\junit-jupiter-params\5.6.0\junit-jupiter-params-5.6.0.jar;"/>
    <property name="sun.cpu.endian" value="little"/>
    <property name="user.home" value="C:\Users\Carmen"/>
    <property name="user.language" value="es"/>
    <property name="java.specification.vendor" value="Oracle Corporation"/>
    <property name="java.home" value="C:\Program Files\Java\jdk1.8.0_181\jre"/>
    <property name="basedir" value="C:\Users\Carmen\Documents\00 Universidad\02 PDS\1920 PDS\EG4\TokenManagement-GE04-Statement of the Work"/>
    <property name="file.separator" value="\"/>
    <property name="line.separator" value="&#10;"/>
    <property name="java.vm.specification.vendor" value="Oracle Corporation"/>
    <property name="java.specification.name" value="Java Platform API Specification"/>
    <property name="java.awt.graphicsenv" value="sun.awt.Win32GraphicsEnvironment"/>
    <property name="surefire.real.class.path" value="C:\Users\Carmen\AppData\Local\Temp\surefire1187370959541908091\surefirebooter6865470312880236998.jar"/>
    <property name="sun.boot.class.path" value="C:\Program Files\Java\jdk1.8.0_181\jre\lib\resources.jar;C:\Program Files\Java\jdk1.8.0_181\jre\lib\rt.jar;C:\Program Files\Java\jdk1.8.0_181\jre\lib\sunrsasign.jar;C:\Program Files\Java\jdk1.8.0_181\jre\lib\jsse.jar;C:\Program Files\Java\jdk1.8.0_181\jre\lib\jce.jar;C:\Program Files\Java\jdk1.8.0_181\jre\lib\charsets.jar;C:\Program Files\Java\jdk1.8.0_181\jre\lib\jfr.jar;C:\Program Files\Java\jdk1.8.0_181\jre\classes"/>
    <property name="user.script" value=""/>
    <property name="sun.management.compiler" value="HotSpot 64-Bit Tiered Compilers"/>
    <property name="java.runtime.version" value="1.8.0_181-b13"/>
    <property name="user.name" value="Carmen"/>
    <property name="path.separator" value=";"/>
    <property name="os.version" value="10.0"/>
    <property name="java.endorsed.dirs" value="C:\Program Files\Java\jdk1.8.0_181\jre\lib\endorsed"/>
    <property name="java.runtime.name" value="Java(TM) SE Runtime Environment"/>
    <property name="file.encoding" value="Cp1252"/>
    <property name="java.vm.name" value="Java HotSpot(TM) 64-Bit Server VM"/>
    <property name="localRepository" value="C:\Users\Carmen\.m2\repository"/>
    <property name="java.vendor.url.bug" value="http://bugreport.sun.com/bugreport/"/>
    <property name="java.io.tmpdir" value="C:\Users\Carmen\AppData\Local\Temp\"/>
    <property name="java.version" value="1.8.0_181"/>
    <property name="user.dir" value="C:\Users\Carmen\Documents\00 Universidad\02 PDS\1920 PDS\EG4\TokenManagement-GE04-Statement of the Work"/>
    <property name="os.arch" value="amd64"/>
    <property name="java.vm.specification.name" value="Java Virtual Machine Specification"/>
    <property name="java.awt.printerjob" value="sun.awt.windows.WPrinterJob"/>
    <property name="sun.os.patch.level" value=""/>
    <property name="java.library.path" value="C:\Program Files\Java\jdk1.8.0_181\jre\bin;C:\WINDOWS\Sun\Java\bin;C:\WINDOWS\system32;C:\WINDOWS;C:/Program Files/Java/jre1.8.0_221/bin/server;C:/Program Files/Java/jre1.8.0_221/bin;C:/Program Files/Java/jre1.8.0_221/lib/amd64;C:\Program Files (x86)\Common Files\Oracle\Java\javapath;C:\Program Files (x86)\Intel\iCLS Client\;C:\Program Files\Intel\iCLS Client\;C:\WINDOWS\system32;C:\WINDOWS;C:\WINDOWS\System32\Wbem;C:\WINDOWS\System32\WindowsPowerShell\v1.0\;C:\Program Files (x86)\Intel\Intel(R) Management Engine Components\DAL;C:\Program Files\Intel\Intel(R) Management Engine Components\DAL;C:\Program Files (x86)\Intel\Intel(R) Management Engine Components\IPT;C:\Program Files\Intel\Intel(R) Management Engine Components\IPT;C:\Program Files (x86)\QuickTime\QTSystem\;C:\WINDOWS\System32\OpenSSH\;C:\Program Files\Intel\WiFi\bin\;C:\Program Files\Common Files\Intel\WirelessCommon\;C:\Users\Carmen\AppData\Local\Microsoft\WindowsApps;C:\Program Files\Java\jdk-11.0.1\bin;;C:\WINDOWS\system32;;."/>
    <property name="java.vm.info" value="mixed mode"/>
    <property name="java.vendor" value="Oracle Corporation"/>
    <property name="java.vm.version" value="25.181-b13"/>
    <property name="java.ext.dirs" value="C:\Program Files\Java\jdk1.8.0_181\jre\lib\ext;C:\WINDOWS\Sun\Java\lib\ext"/>
    <property name="sun.io.unicode.encoding" value="UnicodeLittle"/>
    <property name="java.class.version" value="52.0"/>
  </properties>
  <testcase name="ValidTestCases{String, String}[1]" classname="Transport4Future.TokenManagement.TokenRequestGenerationTest" time="0.141"/>
  <testcase name="ValidTestCases{String, String}[2]" classname="Transport4Future.TokenManagement.TokenRequestGenerationTest" time="0.015"/>
  <testcase name="InvalidTestCases{String, String}[1]" classname="Transport4Future.TokenManagement.TokenRequestGenerationTest" time="0"/>
  <testcase name="InvalidTestCases{String, String}[2]" classname="Transport4Future.TokenManagement.TokenRequestGenerationTest" time="0"/>
  <testcase name="InvalidTestCases{String, String}[3]" classname="Transport4Future.TokenManagement.TokenRequestGenerationTest" time="0.016"/>
  <testcase name="InvalidTestCases{String, String}[4]" classname="Transport4Future.TokenManagement.TokenRequestGenerationTest" time="0"/>
  <testcase name="InvalidTestCases{String, String}[5]" classname="Transport4Future.TokenManagement.TokenRequestGenerationTest" time="0"/>
  <testcase name="InvalidTestCases{String, String}[6]" classname="Transport4Future.TokenManagement.TokenRequestGenerationTest" time="0"/>
  <testcase name="InvalidTestCases{String, String}[7]" classname="Transport4Future.TokenManagement.TokenRequestGenerationTest" time="0"/>
  <testcase name="InvalidTestCases{String, String}[8]" classname="Transport4Future.TokenManagement.TokenRequestGenerationTest" time="0.016"/>
  <testcase name="InvalidTestCases{String, String}[9]" classname="Transport4Future.TokenManagement.TokenRequestGenerationTest" time="0"/>
  <testcase name="InvalidTestCases{String, String}[10]" classname="Transport4Future.TokenManagement.TokenRequestGenerationTest" time="0"/>
  <testcase name="InvalidTestCases{String, String}[11]" classname="Transport4Future.TokenManagement.TokenRequestGenerationTest" time="0"/>
  <testcase name="InvalidTestCases{String, String}[12]" classname="Transport4Future.TokenManagement.TokenRequestGenerationTest" time="0"/>
  <testcase name="InvalidTestCases{String, String}[13]" classname="Transport4Future.TokenManagement.TokenRequestGenerationTest" time="0.015"/>
  <testcase name="InvalidTestCases{String, String}[14]" classname="Transport4Future.TokenManagement.TokenRequestGenerationTest" time="0"/>
  <testcase name="InvalidTestCases{String, String}[15]" classname="Transport4Future.TokenManagement.TokenRequestGenerationTest" time="0"/>
  <testcase name="InvalidTestCases{String, String}[16]" classname="Transport4Future.TokenManagement.TokenRequestGenerationTest" time="0.016"/>
  <testcase name="InvalidTestCases{String, String}[17]" classname="Transport4Future.TokenManagement.TokenRequestGenerationTest" time="0"/>
  <testcase name="InvalidTestCases{String, String}[18]" classname="Transport4Future.TokenManagement.TokenRequestGenerationTest" time="0"/>
  <testcase name="InvalidTestCases{String, String}[19]" classname="Transport4Future.TokenManagement.TokenRequestGenerationTest" time="0"/>
  <testcase name="InvalidTestCases{String, String}[20]" classname="Transport4Future.TokenManagement.TokenRequestGenerationTest" time="0"/>
  <testcase name="InvalidTestCases{String, String}[21]" classname="Transport4Future.TokenManagement.TokenRequestGenerationTest" time="0.015"/>
  <testcase name="InvalidTestCases{String, String}[22]" classname="Transport4Future.TokenManagement.TokenRequestGenerationTest" time="0"/>
  <testcase name="InvalidTestCases{String, String}[23]" classname="Transport4Future.TokenManagement.TokenRequestGenerationTest" time="0"/>
  <testcase name="InvalidTestCases{String, String}[24]" classname="Transport4Future.TokenManagement.TokenRequestGenerationTest" time="0"/>
  <testcase name="InvalidTestCases{String, String}[25]" classname="Transport4Future.TokenManagement.TokenRequestGenerationTest" time="0.016"/>
  <testcase name="InvalidTestCases{String, String}[26]" classname="Transport4Future.TokenManagement.TokenRequestGenerationTest" time="0"/>
  <testcase name="InvalidTestCases{String, String}[27]" classname="Transport4Future.TokenManagement.TokenRequestGenerationTest" time="0"/>
  <testcase name="InvalidTestCases{String, String}[28]" classname="Transport4Future.TokenManagement.TokenRequestGenerationTest" time="0"/>
</testsuite>